<?xml version="1.0" encoding="UTF-8"?>
<testng-results skipped="0" failed="0" ignored="0" total="1" passed="1">
  <reporter-output>
  </reporter-output>
  <suite name="rough.LoginTest" duration-ms="8467" started-at="2022-02-06T03:14:46Z" finished-at="2022-02-06T03:14:55Z">
    <groups>
    </groups>
    <test name="Command line test" duration-ms="8467" started-at="2022-02-06T03:14:46Z" finished-at="2022-02-06T03:14:55Z">
      <class name="rough.LoginTest">
        <test-method status="PASS" signature="beforeMethod()[pri:0, instance:rough.LoginTest@38082d64]" name="beforeMethod" is-config="true" duration-ms="7" started-at="2022-02-05T22:14:46Z" finished-at="2022-02-05T22:14:46Z">
          <reporter-output>
          </reporter-output>
        </test-method> <!-- beforeMethod -->
        <test-method status="PASS" signature="f()[pri:0, instance:rough.LoginTest@38082d64]" name="f" duration-ms="8324" started-at="2022-02-05T22:14:46Z" finished-at="2022-02-05T22:14:54Z">
          <reporter-output>
          </reporter-output>
        </test-method> <!-- f -->
        <test-method status="PASS" signature="afterMethod()[pri:0, instance:rough.LoginTest@38082d64]" name="afterMethod" is-config="true" duration-ms="101" started-at="2022-02-05T22:14:54Z" finished-at="2022-02-05T22:14:55Z">
          <reporter-output>
          </reporter-output>
        </test-method> <!-- afterMethod -->
      </class> <!-- rough.LoginTest -->
    </test> <!-- Command line test -->
  </suite> <!-- rough.LoginTest -->
</testng-results>
