<?xml version="1.0" encoding="UTF-8"?>
<testng-results skipped="0" failed="0" ignored="0" total="2" passed="2">
  <reporter-output>
  </reporter-output>
  <suite name="MyStoreAutomation" duration-ms="6752" started-at="2022-02-06T03:12:47Z" finished-at="2022-02-06T03:12:54Z">
    <groups>
    </groups>
    <test name="Register Test" duration-ms="6752" started-at="2022-02-06T03:12:47Z" finished-at="2022-02-06T03:12:54Z">
      <class name="testcases.TC1Register">
        <test-method status="PASS" signature="init()[pri:0, instance:testcases.TC1Register@35a50a4c]" name="init" is-config="true" duration-ms="7419" started-at="2022-02-05T22:12:40Z" finished-at="2022-02-05T22:12:47Z">
          <reporter-output>
          </reporter-output>
        </test-method> <!-- init -->
        <test-method status="PASS" signature="emptyFieldValidation()[pri:0, instance:testcases.TC1Register@35a50a4c]" name="emptyFieldValidation" duration-ms="3486" started-at="2022-02-05T22:12:47Z" finished-at="2022-02-05T22:12:51Z">
          <reporter-output>
          </reporter-output>
        </test-method> <!-- emptyFieldValidation -->
        <test-method status="PASS" signature="registerUser()[pri:0, instance:testcases.TC1Register@35a50a4c]" name="registerUser" duration-ms="2501" started-at="2022-02-05T22:12:51Z" finished-at="2022-02-05T22:12:54Z">
          <reporter-output>
          </reporter-output>
        </test-method> <!-- registerUser -->
        <test-method status="PASS" signature="close()[pri:0, instance:testcases.TC1Register@35a50a4c]" name="close" is-config="true" duration-ms="107" started-at="2022-02-05T22:12:54Z" finished-at="2022-02-05T22:12:54Z">
          <reporter-output>
          </reporter-output>
        </test-method> <!-- close -->
      </class> <!-- testcases.TC1Register -->
    </test> <!-- Register Test -->
  </suite> <!-- MyStoreAutomation -->
</testng-results>
