<?xml version="1.0" encoding="UTF-8"?>
<testng-results skipped="0" failed="0" ignored="0" total="4" passed="4">
  <reporter-output>
  </reporter-output>
  <suite name="MyStoreAutomation" duration-ms="12345" started-at="2022-02-13T23:44:16Z" finished-at="2022-02-13T23:44:29Z">
    <groups>
    </groups>
    <test name="Login Test" duration-ms="4317" started-at="2022-02-13T23:44:16Z" finished-at="2022-02-13T23:44:21Z">
      <class name="testcases.TC2Login">
        <test-method status="PASS" signature="verifyInvalidLogin()[pri:1, instance:testcases.TC2Login@35a50a4c]" name="verifyInvalidLogin" duration-ms="1853" started-at="2022-02-13T18:44:16Z" finished-at="2022-02-13T18:44:18Z">
          <reporter-output>
          </reporter-output>
        </test-method> <!-- verifyInvalidLogin -->
        <test-method status="PASS" signature="verifyLogin()[pri:2, instance:testcases.TC2Login@35a50a4c]" name="verifyLogin" duration-ms="1885" started-at="2022-02-13T18:44:19Z" finished-at="2022-02-13T18:44:20Z">
          <reporter-output>
          </reporter-output>
        </test-method> <!-- verifyLogin -->
      </class> <!-- testcases.TC2Login -->
    </test> <!-- Login Test -->
    <test name="Address Test" duration-ms="3133" started-at="2022-02-13T23:44:21Z" finished-at="2022-02-13T23:44:24Z">
      <class name="testcases.TC3AddAddress">
        <test-method status="PASS" signature="updateAdress()[pri:0, instance:testcases.TC3AddAddress@57f23557]" name="updateAdress" duration-ms="3056" started-at="2022-02-13T18:44:21Z" finished-at="2022-02-13T18:44:24Z">
          <reporter-output>
          </reporter-output>
        </test-method> <!-- updateAdress -->
      </class> <!-- testcases.TC3AddAddress -->
    </test> <!-- Address Test -->
    <test name="Add To Cart Test" duration-ms="4667" started-at="2022-02-13T23:44:24Z" finished-at="2022-02-13T23:44:29Z">
      <class name="testcases.TC4AddCart">
        <test-method status="PASS" signature="init()[pri:0, instance:testcases.TC4AddCart@27fe3806]" name="init" is-config="true" duration-ms="16281" started-at="2022-02-13T18:44:00Z" finished-at="2022-02-13T18:44:16Z">
          <reporter-output>
          </reporter-output>
        </test-method> <!-- init -->
        <test-method status="PASS" signature="clickCart()[pri:0, instance:testcases.TC4AddCart@27fe3806]" name="clickCart" duration-ms="4592" started-at="2022-02-13T18:44:24Z" finished-at="2022-02-13T18:44:28Z">
          <reporter-output>
          </reporter-output>
        </test-method> <!-- clickCart -->
        <test-method status="PASS" signature="close()[pri:0, instance:testcases.TC4AddCart@27fe3806]" name="close" is-config="true" duration-ms="214" started-at="2022-02-13T18:44:29Z" finished-at="2022-02-13T18:44:29Z">
          <reporter-output>
          </reporter-output>
        </test-method> <!-- close -->
      </class> <!-- testcases.TC4AddCart -->
    </test> <!-- Add To Cart Test -->
  </suite> <!-- MyStoreAutomation -->
</testng-results>
